25
68
25
70
80
40
64
61
16
26
96
89
69
8
39
91
23
61
93
47
57
39
17
96
91
32
84
37
80
58
11
53
6
47
50
53
17
13
90
71
34
33
7
1
55
45
45
46
58
92
54
36
90
73
89
22
82
61
15
8
72
76
53
62
37
92
5
76
40
35
3
25
49
20
22
29
12
75
10
9
64
40
60
74
3
0
40
97
52
86
68
36
78
80
91
25
24
73
30
1
6
17
30
12
49
39
91
69
53
50
8
37
31
84
47
19
41
8
14
10
4
95
12
100
55
70
12
49
95
82
97
97
56
40
83
77
39
13
55
67
56
66
69
49
9
58
27
4
92
39
40
14
22
80
5
76
4
14
97
3
37
40
12
84
69
67
60
57
23
34
91
22
83
12
64
37
45
12
59
33
2
96
75
77
0
8
74
45
48
38
32
64
99
28
78
16
26
78
19
48
57
21
4
4
8
95
88
23
3
6
81
31
35
67
20
1
68
70
6
53
97
31
87
21
59
17
42
8
45
33
8
26
48
78
8
95
8
8
20
57
16
67
55
82
100
97
10
59
2
36
61
82
29
48
56
61
57
10
80
78
95
72
16
84
94
44
94
62
30
54
6
27
88
26
94
43
34
64
43
54
15
84
75
26
52
86
4
42
89
48
71
68
59
76
25
94
31
77
12
34
77
19
84
11
32
3
5
68
81
84
55
49
95
80
74
85
31
27
27
17
77
63
58
75
87
64
87
46
80
25
6
41
79
9
64
15
72
80
91
10
64
99
31
62
11
25
54
16
21
48
41
55
12
11
11
7
25
31
74
98
38
53
33
15
61
88
44
1
39
9
74
63
66
45
64
23
77
54
33
63
33
49
39
28
27
38
48
76
54
98
20
42
37
93
89
68
27
51
57
11
3
96
77
27
45
37
39
8
37
8
71
17
57
42
22
96
93
63
57
38
37
68
48
73
97
1
14
97
78
76
37
94
74
35
45
20
95
60
23
50
83
19
38
14
28
81
87
5
57
18
84
86
83
33
16
49
25
22
49
95
98
71
38
32
73
35
80
73
24
55
74
89
44
86
20
74
26
94
98
35
53
31
24
39
14
6
94
7
14
56
43
33
43
37
40
82
100
94
62
10
50
61
79
46
85
65
11
24
32
67
56
83
31
53
21
5
31
83
41
1
36
61
79
5
66
72
74
15
41
88
65
38
51
52
52
61
63
7
59
46
41
46
65
84
8
78
16
37
42
98
27
97
67
21
33
62
12
27
8
48
83
72
9
80
44
58
76
97
64
61
18
80
73
40
33
86
53
46
40
35
18
17
60
81
82
38
51
49
35
14
12
47
58
87
84
24
73
64
58
21
29
66
79
98
24
65
15
13
13
8
23
28
62
43
24
10
38
54
44
52
29
26
73
63
70
86
50
58
97
76
24
2
19
88
84
0
100
74
39
32
29
37
17
58
74
40
38
84
95
74
7
77
73
56
61
30
84
43
53
7
86
20
29
98
74
28
98
25
39
43
74
83
58
72
85
39
1
58
68
90
34
14
24
92
8
19
22
64
82
20
17
1
92
45
75
61
17
71
56
56
47
30
13
74
28
27
38
3
80
79
72
36
44
61
4
18
1
12
46
2
79
29
11
26
12
97
18
80
8
63
61
64
80
84
97
15
51
81
3
39
45
73
49
51
36
25
58
24
63
50
15
88
67
92
30
44
98
85
84
26
2
5
51
89
77
11
5
97
27
39
33
60
31
19
26
93
54
34
72
68
64
43
5
25
51
25
78
33
24
39
83
25
57
89
34
25
45
4
18
75
79
65
27
94
18
38
42
56
34
36
6
56
77
88
28
1
19
2
29
4
72
27
66
19
79
25
16
29
84
6
93
38
97
52
89
67
1
96
77
54
95
76
63
81
28
40
59
60
9
83
96
24
75
63
54
29
8
3
63
18
97
33
14
13
88
89
26
52
35
45
59
80
19
44
66
82
46
87
1
65
94
5
25
44
45
59
78
9
13
39
56
1
65
95
30
91
79
25
4
58
97
75
67
81
63
68
57
1
92
49
3
61
94
77
40
4
58
44
85
29
46
65
78
1
67
12
42
44
49
28
71
51
59
21
30
36
15
77
89
42
60
70
45
67
60
90
5
4
45
79
82
73
58
35
100
36
24
26
5
45
42
60
85
68
55
83
14
17
29
19
34
97
24
39
47
13
76
59
93
6
66
21
80
4
5
28
82
49
14
73
52
24
73
72
14
50
19
7
26
7
75
93
70
24
71
51
82
36
86
30
23
75
88
6
50
11
91
18
25
70
30
17
32
93
0
21
83
28
41
78
19
54
21
34
60
82
8
63
5
55
49
13
25
19
8
76
52
70
44
72
93
98
8
73
89
44
96
53
35
21
72
42
84
78
49
34
97
44
76
26
89
77
73
23
30
21
49
21
29
28
80
32
77
16
57
30
37
55
42
29
98
24
19
99
22
9
36
11
97
38
4
28
14
78
48
69
40
48
2
27
66
46
34
58
37
83
79
2
49
77
68
10
44
96
42
22
24
3
30
6
59
30
67
42
0
57
33
24
25
68
26
61
10
85
7
82
78
20
17
76
39
47
95
0
29
47
33
26
65
70
8
20
87
63
78
59
63
44
87
88
74
3
99
32
29
34
17
14
2
13
75
1
22
68
65
68
56
96
22
2
4
33
21
58
82
90
60
17
74
99
33
59
94
68
52
71
24
67
2
96
66
96
95
50
49
73
97
27
13
45
79
65
94
2
11
31
6
64
91
30
95
58
57
36
87
6
11
89
81
21
89
70
13
63
32
44
85
72
21
13
44
74
100
58
64
10
29
70
62
1
11
79
42
18
100
80
83
79
78
36
69
35
96
11
98
51
9
58
94
30
47
13
100
55
37
10
35
91
85
99
94
0
4
62
66
37
20
10
30
8
85
15
85
57
40
13
100
87
67
1
4
83
94
62
98
35
70
47
20
73
71
83
70
38
32
50
96
59
72
93
85
45
46
58
100
6
96
28
4
86
32
32
22
6
40
11
64
77
13
50
63
2
88
36
58
41
34
73
69
81
98
34
47
9
47
49
100
93
77
69
79
94
10
4
55
45
63
0
83
31
4
68
73
32
62
68
44
10
4
13
3
91
57
16
29
3
92
20
83
0
53
60
79
40
16
25
78
69
9
33
50
34
82
59
75
92
9
52
22
36
1
92
12
5
37
89
71
60
21
98
24
0
26
96
31
87
