.81960509048738059633167
.55140842921231727042451

.14929654835657826471755
.42475661488692892239143


.40543839838862269966734

.86553544724875637073885
.81917783135471663563951

.02636799218726157414471
.98794518875698110904263

.45277260658589434492019
.42411572618793298135319

.44636371959593493453779
.76204718161564989165929

.58879360332041383098849
.88845484786523026215399

.75499740592669454023865
.44578386791589098788415

.76030762657551805169835
.67772453993346964934232

.84145634327219458601641
.96856593523972289193395

.19049653614917447431867
.62550737022003845332193
.56120487075411236915189

.19870601519821771904660
.59172338023010956144901

.86782433545945616016113
.83932004760887478255561

.67146824549089022492141
.99176000244148075807977

.14084292123172704245124
.15283669545579393902401

.69856868190557573168126
.50181585131382183294167
.61043122653889584032715
.57176427503280739768669


.35102389599291970580156
.96633808404797509689626

.14151432844019898068178
.67845698416089358195745

.09979552598651081881160
.40842921231727042451246

.64040040284432508316293
.87780388805810724204229

.30332346568193609424115
.64827417828913235877559

.90987884151738029114658
.38145084994048890652180

.38554033021027253028962
.89580980864894558549760

.82189397869808038575395
.42255928220465712454603

.25855281228064821314127
.80608539078951384014404

.37565233314004943998535
.26477858821375164036988

.07354960783715323343607
.75286111026337473677785

.14560380870998260444959
.86309396649067659535508

.31754509109775078585161
.46192815942869350260933

.08084353160191656239509
.58973967711416974394970

.60997344889675588244270
.73274941251869258705404

.93514816736350596636860
.27439191869869075594347

.46696371349223303933835
.88091677602465895565660

.90420239875484481337931
.85735648670918912320322

.98614459669789727469710
.47291482284005249183629

.61027863399151585436567
.30011902218695638904995
.00915555284279915768913

.88009277626880703146458

.94433423871578112125003
.51127658925138096255378

.27326273384807885982848
.61238441114535966063417

.11423078096865749076815
.65327921384319589831232
.79592272713400677510910

.76946317941831720938749

.08972441785943174535355
.18430127872554704428235

.23911252174443800164799
.59498886074404126102481

.74758140812402722251045
.27878658406323435163426

.69853816339609973448896
.72264778588213751640369
.05905331583605456709494

.56260872219000823999755
.16989654225287636951811

.80724509414960173345133

.39033173619800408948026
.15601062044129764702291

.32041383098849452192754
.39728995635853144932401

.72878200628681295205542
.83059175389873958555864

.62749107333597827082125
.44706564531388286996063

.55067598498489333780938
.58134708700827051606799

.45136875514999847407452

.45756401257362590411084
.32612079226050599688711
.87688833277382732627338
.18915372173223059785760


.97509689626758629108554
.12451551866206854457228

.32868434705648976104007
.44987334818567461165196

.67650379955442976165044

.84633930478835413678395
.26117740409558397167882

98821985534226508377330

.27909176915799432355723

.22260200811792352061525
.82711264381847590563676

.81469161046174504837183
.83916745506149479659413

.91409039582506790368358
.77047029023102511673329

.09149449140903958250679
.72640156254768517105624
.66982024597918637653736

.81801812799462874233222

.51615955076754051332132
.50831629383220923490096

48023926511429181798760
.87740714743491927854243

.87771233252967925046540

.40980254524369029816583
.21726126895962401196325

.71807000946073793755912
.66829432050538651692251

.80159916989654225287636
.29380169072542497024445

.26969206823938718832972
.60121463667714468825342
.89657277138584551530503

.77809991760002441480758
.81353190710165715506454

.31052583391827143162327

.54145939512314218573564
.51570177312540055543687
.87157811212500381481368
.50523392437513351847895

.41279335917233802301095
.21805475020599993896298


.25720999786370433668019
.50987273781548509170812

.50953703421124912259285
.62843714712973418378246

.65211951048310800500503
.43702505569627979369487

.01733451338236640522476
.39295632801293984801782
.88845484786523026215399

.11813715018158513138218

.84017456587420270393993
.65544602801599169896542

.14914395580919827875606
.08844264046143986327707

.15576647236548966948454

.27280495620593890194402
.36771752067629016998809

.01168858912930692464980
.51655629139072847682119
.54612872707296975615710
.30735190893276772362437
.35340433973204748680074


.02002014221625415814691

.93920712912381359294412
.82891323587755973998229
.24323252052369762260811
.40406506546220282601397
.15350810266426587725455
.29508346812341685232093
.46205023346659749137852
.58394116031373027741325
.11563463240455336161381
.75255592516861476485488
.31299783318582720419934
.70216986602374340037232
.87304300057985168004394
.50523392437513351847895
.61232337412640766624958
.14035462508011108737449
.68544572283089693899349
.21662038026062807092501
.94500564592425305948057
.66759239478743858149967
.82860805078279976805932
.91213721121860408337656
.16730246894741660817285
.43351542710654011658070
.27112643818475905636768
.25336466566972869045075
.37412640766624958037049
.15567491683706167790765
.88351084933011871700186
.74874111148411511581774
.12073122348704489272743
.28818628498184148686178
.12820825830866420484023
.29895931882686849574266
.28305917538987395855586
.54393139439069795831171
.94048890652180547502059
.83385723441267128513443
.93804742576372569963682
.13968321787163914914395
.29389324625385296182134
.19867549668874172185430
.59715567491683706167790
.81780449842829676198614
.47297585985900448622089
.54420606097598193304239
.29053621021149327066866
.01947080904568620868556
.23364970854823450422681
.27695547349467452009643
.02487258522293771172215
.42109439374980925931577
.27860347300637836848048
.12942899868770409253212
.32752464369640186773277
.58662678914761803033539
.95843379009369182409131
.95925778984954374828333
.77440717795342875453962
.37202063051240577410199
.48380993072298348948637
.15613269447920163579210
.46345408490249336222418
.89928891872920926541947
.79372539445173497726371
.75875118259224219489120
.23606067079683828241828
.23035370952482680745872
.61534470656453138828699
.56450086977752006591998
.78890346995452742088076
.20316171758171330912198
.33533738212225714896084
.25278481398968474379711
.78490554521317178868984
.04397717215491195410016
.93661305581835383159886
.63744010742515335551011
.78655354472487563707388
.59526352732932523575548
.22092349009674367503891
.42371898556474501785332
.08398693807794427320169
.58455153050325022125919
.28150273140659810174871
.40629291665395062105166
.93429364909817804498428
.71608630634479812005981
.78081606494338816492202
.10156559953611865596484
.52815332499160740989410
.45860164189580980864894
.54057435834833826715903
.17487105929746391186254
.16653950621051667836542
.63798944059572130497146
.42570268868068483535264
.45838801232947782830286
.25156407361064485610522
.62395092623676259651478
.41468550675984984893337
.10779137546922208319345
.01297036652729880672627
.50074770348216193121127
.72585222937711722159489
.58290353099154637287514
.53117465742973113193151
.78756065553758354441969
.35801263466292306283761
.14740440076906643879512
.22800378429517502365184
.90557573168126468703268
.18903164769432660908841
.42515335551011688589129
.29081087679677724539933
.20853297524948881496627
.78423413800469985045930
.65785699026459547715689
.57051301614429151280251
.09237952818384350108340
.96426282540360728782006
.19602038636432996612445
.93371379741813409833063
.43546861171300393688772
.56749168370616779076509
.62434766685995056001464
.52253791924802392651142
.43794061098055970946378
.17481002227851191747795
.87487411114841151158177
.10242011780144657734916
.13733329264198736533707
.98605304116946928312021
.88991973632007812738425
.71196630756553849909970
.37931455427716910306100
.36436048463393047883541
.93935972167119357890560
.39750358592486342967009
.30460524307992797631763
.83452864162114322336497
.51631214331492049928281
.23627430036317026276436
.11044648579363383892330
.99691763054292428357799
.97320474868007446516312
.53123569444868312631611
.04480117191076387829218
.47001556443983275856807
.73570970793786431470686
.15674306466872157963805
.35193945127719962157048
.25138096255378887295144
.75026703695791497543259
.07266457106234931485946
.95037690359202856532486
.31394390697958311716055
.78484450819421979430524
.95767082735679189428388
.93945127719962157048249
.80095828119754631183812
.82906582842493972594378
.11828974272896511734366
.57414471877193517868587
.80413220618305001983703
.45765556810205389568773
.30344553971984008301034
.19330423902096621601001
.18182927945799127170628
.12808618427076021607104
.79195532090212714011047
.76409192175054170354319
.17105624561296426282540
.22479934080019531846064
.31656849879451887569811
.33124790185247352519302
.07272560808130130924405
.26743369853816339609973
.54725791192358165227210
.20542008728293710135196
.89492477187414166692098
.57152012695699942014831
.79573961607715079195532
.92861720633564256721701
.33698538163396099734488
.68858912930692464980010
.50276192510757774590289
.87987914670247505111850
.61241492965483565782647
.53212073122348704489272
.80666524246955778679769
.28666035950804162724692
.68599505600146488845484
.02468947416608172856837
.63307596057008575701162
.18173772392956328012939
.44123661000396740623187
.40635395367290261543626
.09360026856288338877529
.17615283669545579393902
.92721335489974669637134
.41050447096163823358867
.99288918729209265419476
.18097476119266335032197
.62483596301156651509140
.48921170690023499252296
.98690755943479720450453
.80693990905484176152836
.54008606219672231208227
.92077394940031128879665
.83959471419415875728629
.83803827021088290047914
.24814600054933317056794
.88824121829889828180791
.40232551042207098605304
.02829065828424939725943
.74697103793450727866451
.62660603656117435224463
.54786828211310159611804
.00488296151615955076754
.60835596789452803125095
.53355510116885891293069
.13296914578691976683858
.57316812646870326853236
.13357951597643971068453
.36158330027161473433637
.04806665242469557786797
.03387554551835688344981
.38047425763725699636829
.09570604571672719504379
.86300241096224860377819
.63365581225012970366527
.69554734946745200964384
.59489730521561326944792
.15121921445356608783227
.82946256904812768944364
.86306344798120059816278
.73622852259895626697592
.01705984679708243049409
.37070833460493789483321
.49458296456801049836725
.92397839289529099398785
.26361888485366374706259
.96960356456190679647206
.45976134525589770195623
.74013489181188390758995
.11233863338114566484572
.79436628315073091830195
.83864864040040284432508
.79650257881405072176274
.15945921201208532975249
.83712271492660298471022
.21393475142674031800286
.00363170262764366588335
.85454878383739738151188
.90838343455305642872402
.09106723227637562181463
.59913937803277687917722
.52107303079317606128116
.75017548142948698385570
.99777214880825220496230
.92660298471022675252540
.24329355754264961699270
.29865413373210852381969
.47737052522354808191167
.11947996459852900784325
.55159154026917325357829
.91113010040589617603076
.50813318277535325174718
.72692037720877712332529
.78133487960448011719107
.36045411542100283822138
.69042023987548448133793
.96731467635120700704977
.59755241554002502517777
.17130039368877224036378
.57094027527695547349467
.49806207464827417828913
.15109714041566209906308
.20954008606219672231208
.82396923734244819483016
.80425428022095400860621
.41236610003967406231879
.17481002227851191747795
.24646748252815332499160
.16199224829859309671315
.14783165990173039948728
.74462111270485549485763
.68987090670491653187658
.09424115726187932981353
.79222998748741111484115
.45652638325144199957274
.19205298013245033112582
.24198126163518173772392
.54960783715323343607898
.38517410809656056398205
.25287636951811273537400
.11239967040009765923032
.88125247962889492477187
.29099398785363322855311
.29206213568529313028351
.37836848048341319009979
.09466841639454329050569
.89431440168462172307504
.10574663533433027130954
.23584704123050630207220
.60652485732596819971312
.97195348979155858027893
.91280861842707602160710
.46171452986236152226325
.14191106906338694418164
.06125064851832636494033
.72557756279183324686422
.58864101077303384502700
.24243903927732169560838
.08374279000213629566331
.93111972411267433698538
.71028778954435865352336
.66667683950315866573076
.32190923795281838435010
.95818964201788384655293
.54542680135502182073427
.63048188726462599566637
.06784264656514175847651
.82540360728782006286812
.71968749046296578875087
.62248603778191473128452
.23902096621601001007110
.51817377239295632801293
.68807031464583269753105
.30814539017914365062410
.26007873775444807275612
.49824518570513016144291
.62147892696920682393871
.86074404126102481154820
.60197759941404461806085
.47370830408642841883602
.02398754844813379314554
.56456190679647206030457
.93203527939695425275429
.62721640675069429609057
.15237891781365398113956
.09958189642017883846552
.77636036255989257484664
.51493881038850062562944
.61354411450544755394146
.68880275887325663014618
.59450056459242530594805
.59810174871059297463911
.81673635059663686025574
.29123813592944120609149
.81411175878170110171819
.54463332010864589373455
.06112857448042237617114
.81618701742606891079439
.69234290597247230445265
.69145786919766838587603
.95233008819849238563188
.42838831751457258827478
.18005920590838343455305
.88485366374706259346293
.38169499801629688406018
.01062044129764702291940
.43104342783898434400463
.58101138340403454695272
.65205847346415601062044
.57515182958464308603167
.48026978362376781517990
.32581560716574602496414
.49723807489242225409710
.36555070650349436933500
.40531632435071871089815
.80281991027558214056825
.44227423932615131076998
.18424024170659504989776
.06515701773125400555436
.73574022644734031189916
.99661244544816431165501
.76992095706045716727195
.97360148930326242866298
.73696096682638019959105
.36997589037751396221808
.17450483718375194555497
.74745933408612323374126
.45084994048890652180547
.50245674001281777397991
.95132297738578447828608
.86040833765678884243293
.18732261116367076631977
.07068086794640949736014
.08807641834772789696951
.89660328989532151249732
.12771996215704824976348
.35731070894497512741477
.10202337717825861384929
.75273903622547074800866
.42457350383007293923764
.86828211310159611804559
.99337748344370860927152
.38932462538529618213446
.90496536149174474318674
.64226203192236091189306
.09009063997314371166112
.34601886043885616626483
.14462721640675069429609
.07843256935331278420361
.44248786889248329111606
.85805841242713705862605
.70043031098361156041138
.31263161107211523789178
.75078585161900692770165
.22815637684255500961333
.45817438276314584795678
.15417950987273781548509
.86812952055421613208410
.69988097781304361095004
.55735953856013672292245
.72695089571825312051759
.07477034821619312112796
.62157048249763481551561
.38319040498062074648274
.31287575914792321543015
.70375682851649525437177
.77748954741050447096163
.57722708822901089510788
.05789361247596667378765
.59312723166600543229468
.93469038972136600848414
.44816431165501876888332
.05993835261085848567155
.47605822931608020264290
.26853236487929929502243
.13129062776573992126224
.92117069002349925229651
.45561082796716208380382
.96224860377819147312845
.31919309060945463423566
.15665150914029358806115
.52964873195593127231666
.82488479262672811059907
.69963682973723563341166
.42622150334177678762169
.95187231055635242774742
.18372142704550309762871
.65700247199926755577257
.08551286355174413281655
.48203985717337565233314
.29987487411114841151158
.43559068575090792565691
.70046082949308755760368
.35071871089815973387859
.20435193945127719962157
.53163243507187108981597
.27671132541886654255806
.69530320139164403210547
.82457960753196813867610
.10522782067323831904049
.46784875026703695791497
.59514145329142124698629
.41935483870967741935483
.72685934018982512894070
.31781975768303476058229
.40424817651905880916776
.03805658131656849879451
.79158909878841517380291
.03946043275246436964018
.34821619312112796411023
.53511154515213476973784
.77852717673268837549974
.03506576738792077394940
.66780602435377056184575
.48164311655018768883327
.72737815485091708120975
.40098269600512710959196
.47816400646992400891140
.35441145054475539414654
.89934995574816125980407
.91213721121860408337656
.58122501297036652729880
.35111545152134769737846
.13327433088167973876155
.19846186712240974150822
.62413403729361857966856
.60563982055116428113650
.16281624805444502090517
.70595416119876705221716
.52153080843531601916562
.17343668935209204382457
.60393078402050843836787
.94686727500228888821069
.43781853694265572069460
.51667836542863246559038
.87936033204138309884945
.78566850795007171849726
.68910794396801660206915
.19205298013245033112582
.36014893032624286629840
.64174321726126895962401
.32129886776329844050416
.74776451918088320566423
.47761467329935605945005
.26874599444563127536851
.06643879512924588763084
.49305703909421063875240
.04626606036561174352244
.10434278389843440046388
.05673390911587878048036
.52031006805627613147373
.20493179113132114627521
.00326548051393169957579
.33143101290932950834681
.80486465041047395245216
.93893246253852961821344
.30497146519363994262520
.29071932126834925382244
.50379955442976165044099
.77776421399578844569231
.82323679311502426221503
.07400738547929319132053
.74233222449415570543534
.72008423108615375225074
.52742088076418347727896
.49568163090914639728995
.90411084322641682180242
.55714590899380474257637
.97744682149723807489242
.27213354899746696371349
.58412427137058626056703
.08267464217047639393292
.93456831568346201971495
.88604388561662648396252
.32258064516129032258064
.39979247413556321909237
.99594103823969237342448
.58766441846980193487350
.38062685018463698232978
.20944853053376873073519
.46137882625812555314798
.02023377178258613849299
.57466353343302713095492
.60963774529251991332743
.29496139408551286355174
.13538010803552354503006
.34717856379894405957213
.98992889187292092654194
.51606799523911252174443
.23206274605548265022736
.79097872859889522995696
.47315897091586046937467
.63185522019104586931974
.84578997161778618732261
.97705008087405011139255
.07467879268776512955107
.01153599658192693868831
.43510238959929197058015
.77791680654316843165379
.24723044526505325479903
.22721030304879909665211
.97201452681051057466353
.37223426007873775444807
.81118198187200537125766
.36945707571642200994903
.27155369731742301705984
.34949797051911984618671
.19251075777459028901028
.16034424878688924832911
.46436964018677327799310
.49958800012207403790398
.50416577654347361674855
.74776451918088320566423
.21198156682027649769585
.59346293527024140140995
.28836939603869747001556
.57570116275521103549302
.57432782982879116183965
.66304513687551499984740
.36548966948454237495040
.38126773888363292336802
.77443769646290475173192
.38972136600848414563432
.24552140873439741203039
.06466872157963805047761
.05029450361644337290566
.07232886745811334574419
.93990905484176152836695
.28489028595843379009369
.93472090823084200567644
.93258461256752220221564
.41941587572862941373943
.21787163914914395580919
.32737205114902188177129
.06418042542802209540086
.17169713431196020386364
.59239478743858149967955
.17386394848475600451673
.63274025696584978789635
.53694265572069460127567
.71736808374279000213629
.93133335367900631733146
.44108401745658742027039
.19067964720603045747245
.49913022247993408001953
.22275460066530350657673
.82360301522873622852259
.35044404431287575914792
.33039338358714560380870
.56379894405957213049714
.40079958494827112643818
.82909634693441572313608
.62303537095248268074587
.25379192480239265114291
.70400097659230323191015
.49604785302285836359752
.26908169804986724448377
.45872371593371379741813
.34687337870418408764915
.51506088442640461439863
.77092806787316507461775
.60579241309854426709799
.76708273567918942838831
.71718497268593401898251
.53245643482772301400799
.28211310159611804559465
.32251960814233832819605
.53022858363597521897030
.90771202734458449049348
.19437238685262611774040
.15250099185155796990874
.48881496627704702902310
.09869685964537491988891
.60481582079531235694448
.96658223212378307443464
.43711661122470778527176
.81090731528672139652699
.67625965147862178411206
.67024750511185033722952
.74010437330240791039765
.31424909207434308908352
.06421094393749809259315
.33631397442548905911435
.80071413312173833429975
.14062929166539506210516
.23355815301980651264992
.58186590166936246833704
.88344981231116672261726
.17642750328073976866969
.74300363170262764366588
.50309762871181371501815
.62855922116763817255165
.61656544694357127597888
.56266975920896023438215
.51414532914212469862971
.35019989623706778160954
.70479445783867915890987
.80172124393444624164555
.81792657246620075075533
.77120273445844904934842
.40192876979888302255317
.31488998077333903012176
.65923032319101535081026
.04333628345591601306192
.83162938322092349009674
.81551561021759697256385
.61122470778527176732688
.15424054689168980986968
.78545487838373973815118
.71037934507278664510025
.70052186651203955198828
.79482406079287087618640
.93279824213385418256172
.38032166508987701040681
.34315012054811243018890
.03088473158970915860469
.12500381481368449964903
.26871547593615527817621
.79689931943723868526261
.50489822077089754936368
.88219855342265083773308
.13135166478469191564683
.26090273751029999694814
.94427320169682912686544
.46507156590472121341593
.69014557329020050660725
.36661885433515427106540
.71568956572161015655995
.11130100405896176030762
.68965727713858455153050
.10480056154057435834833
.98037659840693380535294
.97076326792199468977935
.78203680532242805261391
.78682821131015961180455
.86971648304696798608355
.61043122653889584032715
.35758537553025910214545
.57402264473403118991668
.40211188085573900570696
.84224982451857051301614
.20465712454603717154454
.10690633869441816461684
.75734733115634632404553
.52546769615771965697195
.27784051026947843867305
.89703054902798547318948
.77498702963347270119327
.15533921323282570879238
.90908536027100436414685
.88564714499343852046266
.88677632984405041657765
.25882747886593218787194
.54325998718222602008117
.63377788628803369243446
.41547898800622577593310
.33588671529282509842219
.47593615527817621387371
.14212469862971892452772
.71953489791558580278939
.74980925931577501754814
.60698263496810815759758
.56825464644306772057252
.48197882015442365794854
.72985015411847285378582
.12021240882595294045838
.71526230658894619586779
.53004547257911923581652
.19431134983367412335581
.79699087496566667683950
.60594500564592425305948
.51612903225806451612903
.13330484939115573595385
.44651631214331492049928
.36149174474318674275948
.99917600024414807580797
.24723044526505325479903
.66899624622333445234534
.98126163518173772392956
.76326792199468977935117
.10870693075350199896237
.15881832331308938871425
.12698751792962431714835
.86278878139591662343211
.42081972716452528458510
.19162572099978637043366
.66145817438276314584795
.91879024628437147129734
.23731192968535416730246
.45237586596270638142033
.85421308023316141239661
.63203833124790185247352
.93346964934232612079226
.22846156193731498153630
.06711020233771782586138
.88134403515732291634876
.47669911801507614368114
.81377605517746513260292
.62025818659016693624683
.16516617328409680471205
.49409466841639454329050
.58406323435163426618243
.26029236732078005310220
.47718741416669209875789
.76427503280739768669698
.69710379345072786645100
.70430616168706320383312
.01501510666219061861018
.34650715659047212134159
.67909787285988952299569
.63744010742515335551011
.97268593401898251289407
.73870052186651203955198
.78600421155430768761253
.79818109683523056733909
.08807641834772789696951
.32886745811334574419385
.14432203131199072237311
.91344950712607196264534
.74553666798913541062654
.72313608203375347148045
.39896847437971129490035
.26392406994842371898556
.24405652027954954680013
.62504959257789849543748
.05603198339793084505752
.37699514755699331644642
.38630329294717246009704
.84789574877162999359111
.98156682027649769585253
.27964110232856227301858
.71272927030243842890713
.96649067659535508285775
.35084078493606372264778
.62077700125125888851588
.15723136082033753471480
.32255012665181432538834
.79973754081850642414624
.58122501297036652729880
.92696920682393871883297
.29013946958830530716879
.67342143009735404522843
.85073397015289773247474
.49455244605853450117496
.87820062868129520554216
.42298654133732108523819
.32236701559495834223456
.43791009247108371227149
.28101443525498214667195
.47236548966948454237495
.67827387310403759880367
.09158604693746757408368
.00979644154179509872737
.14120914334543900875881
.35081026642658772545548
.21155430768761253700369
.03894161809137241737113
.68080690939054536576433
.77150791955320902127140
.80944242683187353129673
.88155766472365489669484
.21616260261848811304055
.04492324594866786706137
.39204077272865993224890
.77358317819757683034760
.24668111209448530533768
.58915982543412579729606
.60429700613422040467543
.86135441145054475539414
.58864101077303384502700
.41270180364391003143406
.54475539414654988250373
.60036011841181676686910
.52369762260811181981872
.57390057069612720114749
.98062074648274178289132
.98507644886623737296670
.90710165715506454664754
.21338541825617236854152
.65077669606616412854396
.50535599841303750724814
.98788415173802911465804
.24781029694509720145268
.18033387249366740928373
.31266212958159123508407
.83684804834131900997955
.04470961638233588671529
.56590472121341593676564
.29990539262062440870387
.18729209265419476912747
.61687063203833124790185
.09286782433545945616016
.65691091647083956419568
.98135319071016571550645
.32609027375102999969481
.17877742851039155247657
.54408398693807794427320
.10702841273232215338602
.92800683614612262337107
.32099368266853846858119
.63246559038056581316568
.14899136326181829279457
.95425275429548020874660
.90755943479720450453199
.95608386486404004028443
.16666158024842066713461
.51930295724356822412793
.19852290414136173589281
.15991698965422528763695
.88354136783959471419415
.03634754478591265602587
.69154942472609637745292
.01312295907467879268776
.52800073244422742393261
.81795709097567674794763
.07907345805230872524185
.54161198767052217169713
.29129917294839320047608
.88064210943937498092593
.03112887966551713614307
.20938749351481673635059
.78032776879177220984527
.34788048951689199499496
.73073519089327677236243
.38737144077883236182744
.05319376201666310617389
.76296273689992980742820
.96850489822077089754936
.77654347361674855800042
.23502304147465437788018
.39808343760490737632374
.80190435499130222479934
.78801843317972350230414
.18457594531083101901303
.55665761284218878749961
.75093844416638691366313
.87609485152745139927365
.33533738212225714896084
.36542863246559038056581
.61827448347422711874752
.15829950865199743644520
.00753807184057130649739
.12533951841792046876430
.01458784752952665791802
.13107699819940794091616
.59324930570390942106387
.53633228553117465742973
.16501358073671681875057
.79519028290658284249397
.54728843043305764946440
.92922757652516251106295
.45072786645100253303628
.14578691976683858760338
.74175237281411175878170
.36646626178777428510391
.98428296761986144596697
.34693441572313608203375
.99942014831995605334635
.93917661061433759575182
.06317331461531418805505
.30097354045228431043427
.31382183294167912839136
.96008178960539567247535
.92065187536240730002746
.57045197912533951841792
.26248970000305185094759
.55925168614764854884487
.93273720511490218817712
.98248237556077761162144
.68511001922666096987823
.87798699911496322519608
.47868282113101596118045
.23865474410229804376354
.45481734672078615680410
.84945219275490585039826
.55958738975188451796014
.19638660847804193243202
.53520310068056276131473
.40244758445997497482222
.59767448957792901394695
.73290200506607257301553
.57625049592577898495437
.71791741691335795159764
.32496108890041810357982
.23032319101535081026642
.00930814539017914365062
.22287667470320749534592
.69756157109286782433545
.01898251289407025360881
.31150242622150334177678
.30027161473433637501144
.92190313425092318491164
.34400463881344035157322
.46736045411542100283822
.21625415814691610461745
.56315805536057618945890
.05386516922513504440443
.32816553239539780877101
.69460127567369609668263
.16214484084597308267464
.22608111819818720053712
.65932187871944334238715
.72954496902371288186284
.39796136356700338755455
.69576097903378398998992
.46412549211096530045472
.82479323709830011902218
.56035035248878444776757
.67375713370159001434369
.98782311471907712027344
.67046113467818231757560
.52146977141636402478102
.54741050447096163823358
.51347392193365276039918
.79369487594225898007141
.51841792046876430555131
.53044221320230719931638
.45527512436292611468855
.88988921781060213019196
.70165105136265144810327
.59443952757347331156346
.34693441572313608203375
.52125614185003204443494
.00439466536454359569078
.98519852290414136173589
.82775353251747184667500
.97216711935789056062501
.80803857539597766045106
.21036408581804864650410
.54658650471510971404156
.82979827265236365855891
.45567186498611407818842
.49455244605853450117496
.25351725821710867641224
.96267586291085543382061
.88106936857203894161809
.20148319956053346354564
.30149235511337626270332
.59544663838618121890926
.30756553849909970397045
.17908261360515152439954
.23114719077120273445844
.79039887691885128330332
.00015259254737998596148
.65108188116092410046693
.32105471968749046296578
.58851893673512985625782
.46897793511764885402996
.87633899960325937681203
.58638264107181005279702
.58565019684438612018189
.27640614032410657063509
.15918454542680135502182
.66823328348643452253791
.18771935178685872981963
.10727256080813013092440
.75252540665913876766258
.43864253669850764488662
.86935026093325601977599
.84655293435468611713003
.49467452009643848994415
.99124118778038880581072
.05365153965880306405835
.75560777611621448408459
.67900631733146153141880
.94677571947386089663380
.76958525345622119815668
.34775841547898800622577
.91164891506698812829981
.76610614337595751823480
.71587267677846613971373
.83361308633686330759605
.02212591937009796441541
.14151432844019898068178
.39060640278328806421094
.37043366801965392010254
.67040009765923032319101
.39924314096499526963103
.23932615131076998199407
.42158268990142521439252
.51268044068727683339945
.64500869777520065919980
.14743491927854243598742
.29639576403088473158970
.95455793939024018066957
.45689260536515396588030
.31183812982573931089205
.18857387005218665120395
.89202551347392193365276
.75490585039826654866176
.35865352336191900387585
.25647755363628040406506
.67015594958342234565263
.95614490188299203466902
.60570085757011627552110
.29343546861171300393688
.58729819635608996856593
.08417004913480025635547
.61537522507400738547929
.33616138187810907315286
.91097750785851619006927
.81124301889095736564226
.20133060701315347758415
.84420300912503433332316
.33750419629505294961394
.67229224524674214911343
.39185766167180394909512
.80278939176610614337595
.00238044373912778099917
.84215826899014252143925
.86483352153080843531601
.73979918820764793847468
.87151707510605182042909
.89584032715842158268990
.19284646137882625812555
.81499679555650502029480
.67064424573503830072939
.24991607409894100772118
.78737754448072756126590
.90353099154637287514877
.43763542588579973754081
.83184301278725547044282
.23670155949583422345652
.89992980742820520645771
.42704550309762871181371
.98263496810815759758293
.49934385204626606036561
.39329203161717581713309
.29053621021149327066866
.84438612018189031647694
.31357768486587115085299
.87511825922421948912015
.81194494460890530106509
.77217932676168095950193
.57869197668385876033814
.90655232398449659718619
.04455702383495590075380
.32032227546006653035065
.72966704306161687063203
.67329935605945005645924
.65215002899258400219733
.28305917538987395855586
.27460554826502273628955
.55561998352000488296151
.45533616138187810907315
.97921689504684591204565
.41300698873867000335703
.83700064088869899594103
.16528824732200079348124
.72899563585314493240150
.95934934537797173986022
.61900692770165105136265
.27466658528397473067415
.04727317117831965086825
.65135654774620807519760
.45561082796716208380382
.68871120334482863856929
.65102084414197210608233
.94164860988189336832789
.06369212927640614032410
.76448866237372966704306
.34473708304086428418836
.18482009338663899655140
.68327890865810113834040
.44953764458143864253669
.53254799035615100558488
.30808435316019165623950
.19421979430524613177892
.38392284920804467909787
.18207342753379924924466
.08841212195196386608478
.48002563554795983764152
.31366924039429914242988
.93609424115726187932981
.37775811029389324625385
.49204992828150273140659
.17911313211462752159184
.33558153019806512649922
.40873439741203039643543
.98196356089968565935239
.79686880092776268807031
.95083468123416852320932
.19977416302987762077700
.09405804620502334665974
.89562669759208960234382
.88186284981841486861781
.53935361796929837946714
.26325266273995178075502
.94509720145268105105746
.52284310434278389843440
.65419476912747581408124
.47071749015778069399090
.01886043885616626483962
.32361827448347422711874
.71999267555772576067384
.95666371654408398693807
.50331125827814569536423
.32770775475325785088656
.44947660756248664815210
.40665913876766258735923
.17062898648030030213324
.52595599230933561204870
.96011230811487166966765
.98901333658864101077303
.18262276070436719870601
.70967741935483870967741
.84487441633350627155369
.02310251167332987456892
.85479293191320535905026
.28568376720480971709341
.56334116641743217261268
.69261757255775627918332
.34598834192938016907254
.91686758018738364818262
.25098422193060090945158
.59575182348094119083223
.21286660359508041627246
.12442396313364055299539
.27259132663960692159794
.98095645008697775200659
.70271919919431134983367
.17072054200872829371013
.47459334086123233741264
.28354747154148991363261
.51237525559251686147648
.36661885433515427106540
.80727561265907773064363
.52714621417889950254829
.57972960600604266487624
.50837733085116122928556
.50944547868282113101596
.98321481978820154423657
.20685445722830896938993
.63597521897030549027985
.43461409344767601550340
.66615802484206671346171
.29380169072542497024445
.66164128543961912900173
.38831751457258827478865
.81109042634357737968077
.81847590563676870021668
.51518295846430860316782
.66280098879970702230903
.98022400585955381939146
.85387737662892544328135
.94326609088412121951963
.51695303201391644032105
.53672902615436262092959
.28052613910336619159520
.84417249061555833613086
.57109286782433545945616
.89730521561326944792016
.15021210364085818048646
.80071413312173833429975
.56169316690572832422864
.48298593096713156529435
.00015259254737998596148
.15424054689168980986968
.53495895260475478377636
.40440076906643879512924
.82995086519974364452040
.01263466292306283761101
.11413922544022949919125
.38404492324594866786706
.29538865321817682424390
.74776451918088320566423
.88171025727103488265633
.24741355632190923795281
.40006714072084719382305
.46604815820795312356944
.56678975798821985534226
.15985595263527329325235
.50654622028260139774773
.78395947141941587572862
.15585802789391766106143
.80898464918973357341227
.14389477217932676168095
.14975432599871822260200
.05682546464430677205725
.07052827539902951139866
.95837275307473982970671
.80846583452864162114322
.36707663197729422894985
.67488631855220191045869
.52647480697042756431775
.06643879512924588763084
.31388286996063112277596
.16422009949034089175084
.78246406445509201330607
.49513229773857844782860
.85174108096560563982055
.50016785180211798455763
.24250007629627368999298
.51185644093142490920743
.00335703604235969115268
.39161351359599597155674
.77166051210058900723288
.47184667500839259010589
.51759392071291238135929
.39912106692709128086184
.91640980254524369029816
.88790551469466231269264
.10803552354503006073183
.14020203253273110141300
.32493057039094210638752
.99557481612598040711691
.17703787347025971251564
.24805444502090517899105
.46803186132389294106875
.78835413678395947141941
.03488265633106479079561
.93676564836573381756035
.63795892208624530777916
.01165807061983092745750
.88186284981841486861781
.02496414075136570329905
.80846583452864162114322
.50712607196264534440137
.87536240730002746665852
.06097598193304239020966
.88174077578051087984862
.37009796441541795098727
.09537034211249122592852
.88387707144383068330942
.27976317636646626178777
.41257972960600604266487
.90252388073366496780297
.45970030823694570757164
.02636799218726157414471
.08996856593523972289193
.11398663289284951322977
.02835169530320139164403
.29117709891048921170690
.52427747428815576647236
.94039735099337748344370
.81478316599017303994872
.39048432874538407544175
.33240760521256141850032
.52192754905850398266548
.54869228186895352031006
.70122379222998748741111
.79717398602252265999328
.87740714743491927854243
.01217688528092287972655
.53923154393139439069795
.91839350566118350779747
.84734641560106204412976
.11517685476241340372936
.11023285622730185857722
.11963255714590899380474
.20526749473555711539048
.40742210150456251716666
.08563493758964812158574
.60869167149876400036622
.32691427350688192388683
.21732230597857600634784
.20484023560289315469832
.57829523606067079683828
.57060457167271950437940
.44166386913663136692403
.65535447248756370738853
.81032746360667744987334
.66347239600817896053956
.10620441297647022919400
.69658497878963591418195
.53096102786339915158543
.93755912961210974456007
.03781243324076052125614
.77752006591998046815393
.20056764427625354777672
.69627979369487594225898
.24689474166081728568376
.35282448805200354014709
.92840357676931058687093
.03680532242805261391033
.10171819208349864192632
.82042909024323252052369
.21582689901425214392529
.75344096194341868343150
.83022553178502761925107
.85979796746726889858699
.63939329203161717581713
.20941801202429273354289
.96426282540360728782006
.01336710715048677022614
.04745628223517563402203
.52769554734946745200964
.09396649067659535508285
.06070131534775841547898
.22443311868648335215308
.29093295083468123416852
.79915768913846247749259
.86263618884853663747062
.51860103152562028870509
.10507522812585833307901
.36072878200628681295205
.60725730155339213232825
.03903317361980040894802
.56471449934385204626606
.87261574144718771935178
.01995910519730216376232
.80611590929898983733634
.53715628528702658162175
.90499588000122074037903
.53846858119449446089053
.15305032502212591937009
.53883480330820642719809
.24796288949247718741416
.70522171697134311960203
.14380321665089877010406
.35380108035523545030060
.41758476516006958220160
.77593310342722861415448
.99996948149052400280770
.87762077700125125888851
.63032929471724600970488
.32987456892605365153965
.24689474166081728568376
.84911648915066988128299
.17859431745353556932279
.74202703939939573351237
.36097293008209479049043
.85753959776604510635700
.93035676137577440717795
.37516403698843348490859
.14307077242347483748893
.61259804071169164098025
.12485122226630451368755
.58351390118106631672109
.50651570177312540055543
.33240760521256141850032
.47306741538743247779778
.87765129551072725608081
.54148991363261818292794
.23245948667867061372722
.22562334055604724265266
.14322336497085482345042
.71166112247077852717673
.13715018158513138218329
.30283516953032013916440
.54164250617999816888943
.81362346263008514664143
.77834406567583239234595
.90939054536576433606982
.25464644306772057252723
.14886928922391430402539
.97375408185064241462446
.54399243140964995269631
.01269569994201483199560
.47889645069734794152653
.55650502029480880153813
.09765923032319101535081
.29566331980346079897457
.45625171666615802484206
.15143284401989806817835
.45448164311655018768883
.96057008575701162755211
.47044282357249671926023
.65376750999481185338908
.60042115543076876125370
.51597643971068453016754
.19470809045686208685567
.27262184514908291879024
.89477217932676168095950
.85872981963560899685659
.65144810327463606677449
.30314035462508011108737
.43180639057588427381206
.79885250404370250556962
.19507431257057405316324
.52024903103732413708914
.21320230719931638538773
.28434095278786584063234
.74358348338267159031952
.49903866695150608844264
.17102572710348826563310
.16406750694296090578936
.22476882229071932126834
.90466017639698477126377
.59685048982207708975493
.93285927915280617694631
.60081789605395672475356
.10504470961638233588671
.72881252479628894924771
.18222602008117923520615
.99136326181829279457991
.49143955809198278756065
.87798699911496322519608
.45588549455244605853450
.58052308725241859187597
.34171575060274056215094
.74138615070039979247413
.47706534012878810998870
.38987395855586413159581
.68169194616534928434095
.41624195074312570574053
.50761436811426129947813
.03878902554399243140964
.36127811517685476241340
.33600878933072908719138
.64891506698812829981383
.23160496841334269234290
.39368877224036378063295
.83800775170140690328684
.52259895626697592089602
.31846064638203070162053
.53080843531601916562395
.58781701101718192083498
.93914609210486159855952
.92883083590197454756309
.85561693166905728324228
.34891811883907589953306
.20142216254158146916104
.06738486892300180059205
.11871700186162907803582
.69060335093234046449171
.20328379161961729789117
.90163884395886104922635
.15472884304330576494644
.17804498428296761986144
.90414136173589281899472
.44074831385235145115512
.45194860683004242072817
.93273720511490218817712
.25931577501754814294869
.95413068025757621997741
.82100894192327646717734
.61857966856898709067049
.39411603137302774132511
.87710196234015930661946
.87746818445387127292703
.13809625537888729514450
.06921597949156163212988
.41526535843989379558702
.91116061891537217322305
.65919980468153935361796
.04034546952726828821680
.49684133426923429059724
.75664540543839838862269
.42139957884456923123874
.52937406537064729758598
.42472609637745292519913
.28577532273323770867030
.18405713064973906674398
.53294473097933896908474
.93359172338023010956144
.77367473372600482192449
.54911954100161748100222
.40873439741203039643543
.73888363292336802270577
.14267403180028687398907
.80001220740379039887691
.62395092623676259651478
.30417798394726401562547
.05273598437452314828943
.11972411267433698538163
.70744956816309091463972
.47325052644428846095156
.15170751060518204290902
.86413159581286049989318
.45847956785790581987975
.20874660481582079531235
.73778496658223212378307
.20874660481582079531235
.64287240211188085573900
.67601550340281380657368
.55336161381878109073152
.46864223151341288491470
.37449262977996154667806
.74623859370708334604937
.74013489181188390758995
.17273476363414410840174
.52171391949217200231940
.22544022949919125949888
.43174535355693227942747
.03256324961088900418103
.07477034821619312112796
.74626911221655934324167
.16174810022278511917477
.19666127506332590716269
.69197668385876033814508
.10159611804559465315713
.36020996734519486068300
.11194189275795770134586
.29456465346232490005188
.85900448622089297158726
.55919064912869655446028
.93908505508590960417493
.63960692159794915616321
.80956450086977752006591
.36017944883571886349070
.24509414960173345133823
.16067995239112521744438
.49894711142307809686574
.11932737205114902188177
.28205206457716605121005
.95330668050172429578539
.77144688253425702688680
.59651478621784112063966
.80794701986754966887417
.87612537003692739646595
.33457441938535721915341
.93221839045381023590807
.98474074526200140385143
.85793633838923306985686
.57338175603503524887844
.36799218726157414471877
.05767998290963469344157
.68318735312967314676351
.55238502151554918057802
.75994140446180608539078
.32697531052583391827143
.19568468276009399700918
.27454451124607074190496
.15158543656727805413983
.22128971221045564134647
.69951475569933164464247
.17447431867427594836268
.56776635029145176549577
.19360942411572618793298
.06537064729758598590044
.52467421491134372997222
.11642811365092928861354
.89657277138584551530503
.58876308481093783379619
.83330790124210333567308
.60020752586443678090762
.29395428327280495620593
.00708029419843134861293
.38209173863948484756004
.01391644032105471968749
.20120853297524948881496
.77202673421430097354045
.75322733237708670308542
.42802209540086062196722
.70366527298806726279488
.32370983001190221869563
.67030854213080233161412
.07022309030426953947569
.08145390179143650624103
.99520859401226844080935
.63905758842738120670186
.07284768211920529801324
.74840540787987914670247
.20175786614581743827631
.52592547379985961485641
.06512649922177800836207
.44810327463606677449873
.21698660237434003723258
.27677236243781853694265
.83458967864009521774956
.62450025940733054597613
.84868923001800592059083
.45457319864497817926572
.62816248054445020905178
.02371288186284981841486
.96978667561876277962584
.58430738242744224372081
.44190801721243934446241
.42820520645771660512100
.48506118961149937437055
.91521958067567979979857
.60695211645863216040528
.38206122013000885036774
.00650044251838740195928
.38288521988586077455977
.41755424665059358500930
.82979827265236365855891
.89358195745719779045991
.25699636829737235633411
.27149266029847102267525
.32740256965849787896359
.80678731650746177556688
.82497634815515610217596
.55623035370952482680745
.57020783104953154087954
.11172826319162572099978
.39872432630390331736198
.57432782982879116183965
.02291940061647389141514
.91488387707144383068330
.19647816400646992400891
.91543321024201178014465
.77938169499801629688406
.10736411633655812250129
.96966460158085879085665
.94146549882503738517410
.70281075472273934141056
.32099368266853846858119
.28803369243446150090029
.90987884151738029114658
.81118198187200537125766
.75896481215857417523728
.47532578508865627002777
.73171178319650868251594
.00103762932218390453810
.89666432691427350688192
.20166631061738944669942
.28366954557939390240180
.00317392498550370799890
.07364116336558122501297
.32630390331736198004089
.02078310495315408795434
.99353007599108859523300
.98861659596545304727317
.15497299111911374248481
.01681569872127445295571
.21237830744346446119571
.31019013031403546250801
.91317484054078798791467
.82879116183965575121311
.11194189275795770134586
.78548539689321573534348
.28077028717917416913357
.40934476760155034028138
.42307809686574907681508
.37406537064729758598590
.33079012421033356730857
.64503921628467665639210
.39451277199621570482497
.82354197820978423413800
.79952391125217444380016
.96121097445600756859035
.10336619159520249031037
.42036194952238532670064
.16037476729636524552140
.84612567522202215643787
.32584612567522202215643
.17950987273781548509170
.34696493423261207922605
.28351695303201391644032
.54698324533829767754142
.08401745658742027039399
.25086214789269692068239
.76281014435254982146671
.84740745262001403851435
.60667744987334818567461
.22013000885036774803918
.63219092379528183843501
.06601153599658192693868
.30451368755149998474074
.43192846461378826258125
.63609729300820947904904
.77291177098910489211706
.06164738914151432844019
.45771660512100589007232
.35975218970305490279854
.76631977294228949858088
.90313425092318491164891
.85378582110049745170445
.53553880428479873043000
.07318338572344126712851
.87704092532120731223487
.97195348979155858027893
.60145878475295266579180
.11648915066988128299813
.83272804956205938901944
.55494857631153294473097
.56062501907406842249824
.46281319620349742118594
.07699819940794091616565
.15063936277352214117862
.85869930112613299966429
.47795037690359202856532
.43266090884121219519638
.50877407147434919278542
.98391674550614947965941
.45994445631275368511001
.94283883175145725882747
.54844813379314554277169
.46095156712546159245582
.23615222632526627399517
.34513382366405224768822
.36390270699179052095095
.94235053559984130375072
.84313486129337443159276
.18121890926847132786034
.03610339671010467848750
.87713248084963530381176
.56053346354564043092135
.47022919400616473891415
.46363719595934934537797
.92349009674367503891109
.73906674398022400585955
.84719382305368205816827
.18997772148808252204962
.71459089938047425763725
.42246772667622913296914
.85641041291543321024201
.41206091494491409039582
.40940580462050233466597
.56544694357127597888119
.04806665242469557786797
.47651600695822016052735
.21961119418927579577013
.54084902493362224188970
.95287942136906033509323
.59102145451216162602618
.68489638966032898953215
.10931730094302194280831
.51878414258247627185888
.88851588488418225653859
.09900204474013489181188
.16736350596636860255745
.94195379497665334025086
.80486465041047395245216
.17096469008453627124851
.08606219672231208227790
.22800378429517502365184
.87258522293771172215948
.42039246803186132389294
.40696432386242255928220
.48106326487014374217963
.21066927091280861842707
.50199896237067781609546
.18478957487716299935911
.07110812707907345805230
.06927701651051362651448
.38648640400402844325083
.56297494430372020630512
.39225440229499191259498
.45365764336069826349681
.89535203100680562761314
.16644795068208868678853
.66911832026123844111453
.72609637745292519913327
.30381176183355204931791
.88564714499343852046266
.76052125614185003204443
.21570482497634815515610
.36915189062166203802606
.46171452986236152226325
.06900234992522965178380
.04925687429425946836756
.59279152806176946317941
.42628254036072878200628
.40556047242652668843653
.85305337687307351908932
.08401745658742027039399
.47740104373302407910397
.00347911008026367992187
.52494888149662770470290
.22113711966307565538499
.48100222785119174779503
.42139957884456923123874
.36634418774987029633472
.59160130619220557267983
.69588305307168797875911
.33399456770531327249977
.99215674306466872157963
.24802392651142918179876
.23364970854823450422681
.59538560136722922452467
.11554307687612537003692
.63270973845637379070406
.26505325479903561510055
.82012390514847254860072
.71678823206274605548265
.12915433210242011780144
.25794244209112826929532
.06662190618610187078463
.37165440839869380779442
.25687429425946836756492
.21936704611346781823175
.54567094943082979827265
.38758507034516434217352
.20316171758171330912198
.43305764946440015869624
.09567552720725119785149
.53193762016663106173894
.87520981475264748069704
.97213660084841456343272
.77755058442945646534623
.13318277535325174718466
.42652668843653675954466
.30042420728171636097293
.68034913174840540787987
.32062746055482650227362
.81701101718192083498641
.45945616016113773003326
.30372020630512405774101
.55653553880428479873043
.19644764549699392681661
.05746635334330271309549
.65327921384319589831232
.80043946653645435956907
.99536118655964842677083
.58973967711416974394970
.16037476729636524552140
.22385326700643940549943
.61787774285103915524765
.10654011658070619830927
.44300668355357524338511
.64018677327799310281685
.85039826654866176335947
.38807336649678029725028
.74922940763573107089449
.86477248451185644093142
.80452894680623798333689
.16281624805444502090517
.53422650837733085116122
.77132480849635303811761
.56624042481765190588091
.08325449385052034058656
.14218573564867091891232
.64891506698812829981383
.28394421216467787713248
.28293710135196996978667
.74297311319315164647358
.59276100955229346598712
.92306283761101107821893
.47767571031830805383465
.98437452314828943754387
.64394054994354075746940
.74037903988769188512833
.08651997436445204016235
.02954191717276528214362
.91848506118961149937437
.11981566820276497695852
.39948728904080324716940
.49842829676198614459669
.68492690816980498672444
.78170110171819208349864
.42872402111880855739005
.46055482650227362895596
.46830652790917691579943
.95614490188299203466902
.41196935941648609881893
.22098452711569566942350
.38679158909878841517380
.47660756248664815210425
.48817407757805108798486
.99990844447157200842310
.41755424665059358500930
.72212897122104556413464
.29764702291940061647389
.42387157811212500381481
.36072878200628681295205
.46858119449446089053010
.57356486709189123203222
.72670674764244514297921
.41679128391369365520187
.93288979766228217413861
.61714529862361522263252
.34690389721366008484145
.66948454237495040742210
.87655262916959135715811
.65272988067262794885097
.87685781426435132908108
.18936735129856257820368
.67036957914975432599871
.43415631580553605761894
.65675832392345957823419
.37903988769188512833033
.52894680623798333689382
.43864253669850764488662
.86278878139591662343211
.67040009765923032319101
.93398846400341807306131
.12945951719718008972441
.35114597003082369457075
.00009155552842799157689
.72356334116641743217261
.75167088839381084627826
.03234962004455702383495
.15927610095522934659871
.22583697012237922299874
.84282967619861445966978
.84221930600909451582384
.37403485213782158879360
.02261421552171391949217
.75945310831019013031403
.68758201849421674245429
.89944151127658925138096
.59407330545976134525589
.66579180272835474715414
.07818842127750480666524
.52302621539963988158818
.47572252571184423352763
.44059572130497146519363
.83761101107821893978698
.33924375133518478957487
.14633625293740653706472
.98983733634449293496505
.42603839228492080446790
.96261482589190343943601
.04071169164098025452436
.79070406201361125522629
.53047273171178319650868
.82613605151524399548326
.19449446089053010650959
.41407513657032990508743
.63808099612414929654835
.11468855861079744865260
.45777764213995788445692
.38578447828608050782799
.19489120151371807000946
.60896633808404797509689
.40223395489364299447614
.43946653645435956907864
.20889919736320078127384
.70140690328684347056489
.42854091006195257423627
.05377361369670705282753
.78420361949522385326700
.81218909268471327860347
.02536088137455366679891
.28232673116245002594073
.40388195440534684286019
.45847956785790581987975
.00839259010589922788171
.58531449324015015106662
.41215247047334208197271
.57881405072176274910733
.95086519974364452040162
.98577837458418530838953
.36783959471419415875728
.16013061922055726798303
.75127414777062288277840
.34302804651020844141972
.83590197454756309701834
.90383617664113284707174
.25440229499191259498886
.67744987334818567461165
.64201788384655293435468
.75176244392223883785515
.54530472731711783196508
.79796746726889858699301
.26413769951475569933164
.58870204779198583941160
.25992614520706808679464
.50816370128482924893948
.08661152989288003173924
.03863643299661244544816
.26389355143894772179326
.49397259437849055452131
.59385967589342936490981
.62868129520554216132084
.41038239692373424481948
.62996307260353404339732
.40272225104525894955290
.62257759331034272286141
.46232490005188146610919
.40681173131504257332071
.22843104342783898434400
.70201727347636341441084
.02862636188848536637470
.99136326181829279457991
.40867336039307840205084
.17822809533982360301522
.14282662434766685995056
.56691183202612384411145
.87191381572923978392895
.23392437513351847895748
.95031586657307657094027
.73024689474166081728568
.43372905667287209692678
.74077578051087984862819
.79592272713400677510910
.00006103701895199438459
.64204840235602893154698
.37873470259712515640736
.20325327311014130069887
.90200506607257301553392
.59727774895474105044709
.64604632709738456373790
.08380382702108829004791
.81029694509720145268105
.86577959532456434827723
.96484267708365123447370
.91955320902127140110477
.05639820551164281136509
.19330423902096621601001
.78872035889767143772698
.99813837092196417126987
.94869838557084871974852
.00491348002563554795983
.75951414532914212469862
.62221137119663075655384
.67275002288888210699789
.00064088869899594103823
.49983214819788201544236
.34864345225379192480239
.34965056306649983214819
.93606372264778588213751
.38291573839533677175206
.66576128421887874996185
.09863582262642292550431
.20017090365306558427686
.78469191564683980834376
.23673207800531022064882
.12997833185827204199346
.29129917294839320047608
.22244941557054353465376
.07068086794640949736014
.15189062166203802606280
.04644917142246772667622
.46073793755912961210974
.34418774987029633472701
.39179662465285195471053
.05517746513260292367320
.35557115390484328745384
.10614337595751823480941
.80336924344615009002960
.62327951902829065828424
.91692861720633564256721
.26123844111453596606341
.16458632160405285805841
.00930814539017914365062
.78484450819421979430524
.70046082949308755760368
.41019928586687826166570
.00073244422742393261513
.14185003204443494979705
.36585589159825434125797
.04162724692526017029328
.36884670552690206610309
.12652974028748435926389
.22711874752037110507522
.21909237952818384350108
.97924741355632190923795
.70699179052095095675527
.86242255928220465712454
.19367046113467818231757
.25528733176671651356547
.73113193151646473586230
.63142796105838190862758
.40519425031281472212897
.35535752433851130710776
.03289895321512497329630
.78167058320871608630634
.95898312326425977355265
.35706656086916714987640
.82683797723319193090609
.87060151982177190466017
.86773277993102816858424
.06582842493972594378490
.92303231910153508102664
.18454542680135502182073
.90710165715506454664754
.92431409649952696310312
.89193395794549394207586
.87041840876491592150639
.11041596728415784173100
.54710531937620166631061
.54481643116550187688833
.96963408307138279366435
.59953611865596484267708
.49137852107303079317606
.74956511123996704000976
.13574633014923551133762
.76757103183080538346507
.73967711416974394970549
.66859950560014648884548
.32099368266853846858119
.52772606585894344920194
.01776177251503036591692
.89748832667012543107394
.52943510238959929197058
.30655842768639179662465
.58388012329477828302865
.60499893185216834009826
.31202124088259529404583
.35993530075991088595233
.59779656361583300271614
.23819696646015808587908
.28479873043000579851680
.19312112796411023285622
.35502182073427533799249
.99267555772576067384868
.92178106021301919614246
.22925504318369090853602
.50938444166386913663136
.93105868709372234260078
.01034577471236304818872
.09649952696310312204351
.17047639393292031617175
.42512283700064088869899
.34376049073763237403485
.64079714346751304666280
.88036744285409100619525
.28159428693502609332560
.90096743675038911099581
.48692281868953520310068
.32450331125827814569536
.36503189184240241706595
.80642109439374980925931
.12323374126407666249580
.12912381359294412060914
.84551530503250221259193
.61485641041291543321024
.96932889797662282174138
.66283150730918301950132
.61574144718771935178685
.86758018738364818262276
.36149174474318674275948
.79287087618640705587939
.68199713126010925626392
.52110354930265205847346
.81032746360667744987334
.07986693929868465224158
.44828638569292275765251
.60753196813867610705893
.73265785699026459547715
.94100772118289742728965
.72966704306161687063203
.46330149235511337626270
.67131565294351023895992
.48295541245765556810205
.93298135319071016571550
.52128666035950804162724
.09927671132541886654255
.99636829737235633411664
.49186681722464674825281
.77040925321207312234870
.35444196905423139133884
.88192388683736686300241
.32523575548570207831049
.09985656300546281319620
.47062593462935270241401
.13425092318491164891506
.52031006805627613147373
.95202490310373241370891
.64745017853328043458357
.69896542252876369518112
.74477370525223548081911
.76015503402813806573686
.48905911435285500656147
.18518631550035096285897
.26001770073549607837153
.41526535843989379558702
.07431257057405316324350
.77324747459334086123233
.43229468672750022888882
.46705526902066103091525
.12949003570665608691671
.44709616382335886715292
.81868953520310068056276
.61265907773064363536484
.89675588244270149845881
.22171697134311960203863
.59608752708517715994750
.67986083559678945280312
.59172338023010956144901
.08169804986724448377941
.77932065797906430249946
.12015137180700094607379
.37314981536301767021698
.07409894100772118289742
.50508133182775353251747
.46980193487350077822199
.18408764915921506393627
.22537919248023926511429
.99237037263100070192571
.20096438489944151127658
.34345530564287240211188
.03997924741355632190923
.08374279000213629566331
.12640766624958037049470
.72899563585314493240150
.11947996459852900784325
.64952543717764824365977
.45002594073305459761345
.38904995880001220740379
.62923062837611011078218
.21897030549027985473189
.82290108951078829309976
.88250373851741080965605
.96060060426648762474440
.41041291543321024201178
.19241920224616229743339
.57570116275521103549302
.40723899044770653401287
.28455458235419782097842
.47636341441084017456587
.06811731315042573320719
.46494949186681722464674
.28409680471205786309396
.28962065492721335489974
.25067903683584093752861
.91979735709707937864314
.71169164098025452436902
.98483230079042939542832
.77898495437482833338419
.76265755180516983550523
.58519241920224616229743
.23435163426618243964964
.68099002044740134891811
.90578936124759666737876
.90826136051515243995483
.23310037537766655476546
.75444807275612659077730
.82116153447065645313882
.48338267159031952879421
.48930326242866298409985
.01028473769341105380413
.52855006561479537339396
.53712576677755058442945
.15564439832758568071535
.13922544022949919125949
.11386455885494552446058
.12579729606006042664876
.10245063631092257454145
.72023682363353373821222
.54875331888790551469466
.68993194372386852626117
.33509323404644917142246
.96630756553849909970397
.11172826319162572099978
.11633655812250129703665
.45081942197943052461317
.86214789269692068239387
.85305337687307351908932
.58610797448652607806634
.05441450239570299386577
.17352824488052003540147
.38026062807092501602221
.84865871150852992339854
.74510940885647144993438
.66499832148197882015442
.88186284981841486861781
.78652302621539963988158
.77791680654316843165379
.34711752677999206518753
.84582049012726218451490
.16486098818933683278908
.39863277077547532578508
.44627216406750694296090
.62898648030030213324381
.90459913937803277687917
.87813959166234321115756
.34693441572313608203375
.64058351390118106631672
.74221015045625171666615
.76583147679067354350413
.58125553147984252449110
.37836848048341319009979
.22971282082583086642048
.48927274391918698690755
.25110629596850489822077
.25815607165746024964140
.57460249641407513657032
.75765251625110629596850
.07650990325632496108890
.38270210882900479140598
.78707235938596758934293
.87994018372142704550309
.25498214667195654164250
.30948820459608752708517
.65413373210852381969664
.68999298074282052064577
.07510605182042909024323
.89739677114169743949705
.28894924771874141666920
.15298928800317392498550
.33417767876216925565355
.24073000274666585283974
.10037537766655476546525
.63902706991790520950956
.62639240699484237189855
.37519455549790948210089
.58717612231818597979674
.54069643238624225592822
.41990417188024536881618
.46958830530716879787591
.17191076387829218420972
.73140659810174871059297
.04214606158635212256233
.20850245674001281777397
.95046845912045655690176
.97418134098330637531662
.60249641407513657032990
.65727713858455153050325
.51243629261146885586107
.56352427747428815576647
.77162999359111301004058
.38746299630726035340433
.64259773552659688100833
.45124668111209448530533
.36750389110995818964201
.58204901272621845149082
.90130314035462508011108
.39933469649342326120792
.72359385967589342936490
.70928067873165074617755
.94082461012604144413586
.50202948088015381328775
.47349467452009643848994
.96758934293649098178044
.97643971068453016754661
.67940305795464949491866
.27787102877895443586535
.97518845179601428266243
.19742423780022583697012
.71752067629016998809778
.40278328806421094393749
.88555558946501052888576
.13440351573229163487655
.34650715659047212134159
.32831812494277779473250
.89544358653523361919003
.54091006195257423627430
.94238105410931730094302
.89324625385296182134464
.57405316324350718710898
.63536484878078554643391
.84319589831232642597735
.81200598162785729544969
.48200933866389965514084
.92049928281502731406598
.28812524796288949247718
.91714224677266762291329
.92825098422193060090945
.15640736106448561052278
.17441328165532395397808
.86153752250740073854792
.01464888454847865230262
.20154423657948545793023
.42960905789361247596667
.81759086886196478164006
.62840662862025818659016
.09717093417157506027405
.87743766594439527573473
.47209082308420056764427
.32850123599963377788628
.99563585314493240150151
.48527481917783135471663
.34495071260719626453444
.56358531449324015015106
.90389721366008484145634
.42695394756920072023682
.01913510544145023957029
.48933378093813898129215
.71275978881191442609942
.53563035981322672200689
.63267921994689779351176
.05453657643360698263496
.67448957792901394695883
.81542405468916898098696
.38053529465620899075289
.92608417004913480025635
.13757744071779534287545
.86303292947172460097048
.75438703573717459639271
.03973509933774834437086
.98275704214606158635212
.85723441267128513443403
.45805230872524185918759
.44944608905301065095980
.49641407513657032990508
.40327158421582689901425
.08771019623401593066194
.16287728507339701528977
.71217993713187047944578
.38554033021027253028962
.23697622608111819818720
.85390789513840144047364
.72081667531357768486587
.28232673116245002594073
.53364665669728690450758
.36616107669301431318094
.70714438306833094271675
.38251899777214880825220
.44767601550340281380657
.36027100436414685506759
.49354533524582659382915
.58427686391796624652851
.61479537339396343882564
.93032624286629840998565
.68666646320993682668538
.15036469618823816644795
.69237342448194830164494
.15054780724509414960173
.52653584398937955870235
.82174138615070039979247
.12128055665761284218878
.96572771385845515305032
.92797631763664662617877
.38767662587359233375041
.95681630909146397289956
.06033509323404644917142
