2018-05-14 18:59:50.976 [IPControllerApp] Created profile dir: '/home/users/glick/intro-to-hpc/runinfo/006/profile_default'
2018-05-14 18:59:50.987 [IPControllerApp] Hub listening on tcp://*:40003 for registration.
2018-05-14 18:59:50.988 [IPControllerApp] Hub using DB backend: 'DictDB'
2018-05-14 18:59:51.250 [IPControllerApp] hub::created hub
2018-05-14 18:59:51.250 [IPControllerApp] writing connection info to /home/users/glick/intro-to-hpc/runinfo/006/profile_default/security/ipcontroller-client.json
2018-05-14 18:59:51.251 [IPControllerApp] writing connection info to /home/users/glick/intro-to-hpc/runinfo/006/profile_default/security/ipcontroller-engine.json
2018-05-14 18:59:51.251 [IPControllerApp] task::using Python leastload Task scheduler
2018-05-14 18:59:51.252 [IPControllerApp] Heartmonitor started
2018-05-14 18:59:51.261 [IPControllerApp] Creating pid file: /home/users/glick/intro-to-hpc/runinfo/006/profile_default/pid/ipcontroller.pid
2018-05-14 18:59:51.273 [scheduler] Scheduler started [leastload]
2018-05-14 18:59:51.276 [IPControllerApp] client::client b'\x00k\x8bEg' requested 'connection_request'
2018-05-14 18:59:51.277 [IPControllerApp] client::client [b'\x00k\x8bEg'] connected
2018-05-14 18:59:51.377 [IPControllerApp] client::client b'\x00k\x8bEh' requested 'connection_request'
2018-05-14 18:59:51.377 [IPControllerApp] client::client [b'\x00k\x8bEh'] connected
2018-05-14 19:00:08.734 [IPControllerApp] client::client b'6af8fc5f-c13d0f8212461e51cefa430e' requested 'registration_request'
2018-05-14 19:00:12.255 [IPControllerApp] registration::finished registering engine 0:6af8fc5f-c13d0f8212461e51cefa430e
2018-05-14 19:00:12.256 [IPControllerApp] engine::Engine Connected: 0
2018-05-14 19:00:37.256 [IPControllerApp] task::task 'b7b581ba-56363b1fff5c246eac03d935' arrived on 0
2018-05-14 19:00:41.027 [IPControllerApp] task::task '14dcbb66-8322e68dcf47be67f62d87fd' arrived on 0
2018-05-14 19:00:41.029 [IPControllerApp] task::task 'b7b581ba-56363b1fff5c246eac03d935' finished on 0
2018-05-14 19:00:44.029 [IPControllerApp] task::task 'd442f99b-1da17a4f4461c6174861a9e2' arrived on 0
2018-05-14 19:00:44.031 [IPControllerApp] task::task '14dcbb66-8322e68dcf47be67f62d87fd' finished on 0
2018-05-14 19:00:46.949 [IPControllerApp] task::task '8e72ece7-829886feb0f83027d04ec61f' arrived on 0
2018-05-14 19:00:46.951 [IPControllerApp] task::task 'd442f99b-1da17a4f4461c6174861a9e2' finished on 0
2018-05-14 19:00:49.818 [IPControllerApp] task::task '8be6ce1a-80082b1a394928e7b5fe5f03' arrived on 0
2018-05-14 19:00:49.819 [IPControllerApp] task::task '8e72ece7-829886feb0f83027d04ec61f' finished on 0
2018-05-14 19:00:52.829 [IPControllerApp] task::task '0765ff29-de4b6582035c64f8f198df9f' arrived on 0
2018-05-14 19:00:52.830 [IPControllerApp] task::task '8be6ce1a-80082b1a394928e7b5fe5f03' finished on 0
2018-05-14 19:00:53.163 [IPControllerApp] client::client b'833d00eb-aaf52af2e4490f84657785de' requested 'registration_request'
2018-05-14 19:00:54.032 [IPControllerApp] client::client b'0083a9e0-d62755650d2f01d1c524acb3' requested 'registration_request'
2018-05-14 19:00:54.053 [IPControllerApp] client::client b'f3e83261-913697e9963ed81d65667e69' requested 'registration_request'
2018-05-14 19:00:55.748 [IPControllerApp] task::task '33e4cf73-3ea4221c2c14e8d07c88ef46' arrived on 0
2018-05-14 19:00:55.749 [IPControllerApp] task::task '0765ff29-de4b6582035c64f8f198df9f' finished on 0
2018-05-14 19:00:57.253 [IPControllerApp] registration::finished registering engine 3:f3e83261-913697e9963ed81d65667e69
2018-05-14 19:00:57.254 [IPControllerApp] engine::Engine Connected: 3
2018-05-14 19:00:57.255 [IPControllerApp] registration::finished registering engine 2:0083a9e0-d62755650d2f01d1c524acb3
2018-05-14 19:00:57.255 [IPControllerApp] engine::Engine Connected: 2
2018-05-14 19:00:57.256 [IPControllerApp] registration::finished registering engine 1:833d00eb-aaf52af2e4490f84657785de
2018-05-14 19:00:57.256 [IPControllerApp] engine::Engine Connected: 1
2018-05-14 19:00:57.261 [IPControllerApp] task::task 'd6d9656f-065ffcb5e73afb2d6ae2d9fe' arrived on 3
2018-05-14 19:00:57.262 [IPControllerApp] task::task 'e791b145-aa2f64f40750291c66ee561f' arrived on 2
2018-05-14 19:00:57.263 [IPControllerApp] task::task '86923e3e-40409f8385daa3c85df8965c' arrived on 1
2018-05-14 19:00:58.646 [IPControllerApp] task::task '33e4cf73-3ea4221c2c14e8d07c88ef46' finished on 0
2018-05-14 19:01:00.724 [IPControllerApp] task::task '86923e3e-40409f8385daa3c85df8965c' finished on 1
2018-05-14 19:01:01.062 [IPControllerApp] task::task 'e791b145-aa2f64f40750291c66ee561f' finished on 2
2018-05-14 19:01:01.087 [IPControllerApp] task::task 'd6d9656f-065ffcb5e73afb2d6ae2d9fe' finished on 3
2018-05-14 19:01:01.095 [IPControllerApp] task::task '4a0c0539-d2ae90210aec9898baecf93f' arrived on 0
2018-05-14 19:01:01.099 [IPControllerApp] task::task '4a0c0539-d2ae90210aec9898baecf93f' finished on 0
2018-05-14 19:01:07.976 [IPControllerApp] client::client b'7c01dc00-f008a3e3fb5fa0541d52c72e' requested 'registration_request'
2018-05-14 19:01:08.054 [IPControllerApp] client::client b'2f4c1d80-712aaf04102ebaabd27535c5' requested 'registration_request'
2018-05-14 19:01:12.254 [IPControllerApp] registration::finished registering engine 4:7c01dc00-f008a3e3fb5fa0541d52c72e
2018-05-14 19:01:12.255 [IPControllerApp] engine::Engine Connected: 4
2018-05-14 19:01:12.256 [IPControllerApp] registration::finished registering engine 5:2f4c1d80-712aaf04102ebaabd27535c5
2018-05-14 19:01:12.256 [IPControllerApp] engine::Engine Connected: 5
2018-05-14 19:02:23.515 [IPControllerApp] task::task 'fadc29f1-c1cb5aaf7d893442a735bbe5' arrived on 5
2018-05-14 19:02:23.518 [IPControllerApp] task::task '878402fd-95e57e3100651ee71cfea7a7' arrived on 4
2018-05-14 19:02:23.521 [IPControllerApp] task::task 'ac8e8adf-9d28c79518898362c6225532' arrived on 3
2018-05-14 19:02:23.524 [IPControllerApp] task::task '4844347d-3aee79def0549c2ad2eff981' arrived on 2
2018-05-14 19:02:23.526 [IPControllerApp] task::task 'c15836ff-015e206656dcac855a0fc0d8' arrived on 1
2018-05-14 19:02:23.527 [IPControllerApp] task::task '8ae1f68f-a99e01778137b83b07401eec' arrived on 0
2018-05-14 19:02:26.548 [IPControllerApp] task::task '5ab20127-53cab04b6b52950b37fbb33e' arrived on 2
2018-05-14 19:02:26.549 [IPControllerApp] task::task '4844347d-3aee79def0549c2ad2eff981' finished on 2
2018-05-14 19:02:26.550 [IPControllerApp] task::task '7c303ba5-508a84a59343189cec686940' arrived on 3
2018-05-14 19:02:26.551 [IPControllerApp] task::task 'ac8e8adf-9d28c79518898362c6225532' finished on 3
2018-05-14 19:02:26.751 [IPControllerApp] task::task '8e13ea8a-c7414b88d3bd40be73340ca4' arrived on 1
2018-05-14 19:02:26.752 [IPControllerApp] task::task 'c15836ff-015e206656dcac855a0fc0d8' finished on 1
2018-05-14 19:02:26.754 [IPControllerApp] task::task 'f63a4c20-8ad82bcbfa9361be00d07dde' arrived on 0
2018-05-14 19:02:26.755 [IPControllerApp] task::task '8ae1f68f-a99e01778137b83b07401eec' finished on 0
2018-05-14 19:02:27.079 [IPControllerApp] task::task 'fadc29f1-c1cb5aaf7d893442a735bbe5' finished on 5
2018-05-14 19:02:27.288 [IPControllerApp] task::task '878402fd-95e57e3100651ee71cfea7a7' finished on 4
2018-05-14 19:02:29.398 [IPControllerApp] task::task '5ab20127-53cab04b6b52950b37fbb33e' finished on 2
2018-05-14 19:02:29.486 [IPControllerApp] task::task '7c303ba5-508a84a59343189cec686940' finished on 3
2018-05-14 19:02:29.798 [IPControllerApp] task::task '8e13ea8a-c7414b88d3bd40be73340ca4' finished on 1
2018-05-14 19:02:29.805 [IPControllerApp] task::task 'f63a4c20-8ad82bcbfa9361be00d07dde' finished on 0
2018-05-14 19:02:29.814 [IPControllerApp] task::task '67197d8a-ee2d31fe24e88748deca89f4' arrived on 5
2018-05-14 19:02:29.821 [IPControllerApp] task::task '67197d8a-ee2d31fe24e88748deca89f4' finished on 5
2018-05-14 19:02:38.729 [IPControllerApp] client::client b'4f17ea4d-bfe0c5f2755ef0e1d8cb26fc' requested 'registration_request'
2018-05-14 19:02:42.255 [IPControllerApp] registration::finished registering engine 6:4f17ea4d-bfe0c5f2755ef0e1d8cb26fc
2018-05-14 19:02:42.255 [IPControllerApp] engine::Engine Connected: 6
2018-05-14 19:05:12.254 [IPControllerApp] heartbeat::missed b'6af8fc5f-c13d0f8212461e51cefa430e' : 1
2018-05-14 19:05:15.254 [IPControllerApp] heartbeat::missed b'6af8fc5f-c13d0f8212461e51cefa430e' : 2
2018-05-14 19:05:18.252 [IPControllerApp] heartbeat::missed b'6af8fc5f-c13d0f8212461e51cefa430e' : 3
2018-05-14 19:05:21.255 [IPControllerApp] heartbeat::missed b'6af8fc5f-c13d0f8212461e51cefa430e' : 4
2018-05-14 19:05:24.255 [IPControllerApp] heartbeat::missed b'6af8fc5f-c13d0f8212461e51cefa430e' : 5
2018-05-14 19:05:27.254 [IPControllerApp] heartbeat::missed b'6af8fc5f-c13d0f8212461e51cefa430e' : 6
2018-05-14 19:05:30.255 [IPControllerApp] heartbeat::missed b'6af8fc5f-c13d0f8212461e51cefa430e' : 7
2018-05-14 19:05:33.255 [IPControllerApp] heartbeat::missed b'6af8fc5f-c13d0f8212461e51cefa430e' : 8
2018-05-14 19:05:36.255 [IPControllerApp] heartbeat::missed b'6af8fc5f-c13d0f8212461e51cefa430e' : 9
2018-05-14 19:05:39.255 [IPControllerApp] heartbeat::missed b'6af8fc5f-c13d0f8212461e51cefa430e' : 10
2018-05-14 19:05:42.255 [IPControllerApp] heartbeat::missed b'6af8fc5f-c13d0f8212461e51cefa430e' : 11
2018-05-14 19:05:42.255 [IPControllerApp] registration::unregister_engine(0)
2018-05-14 19:05:57.254 [IPControllerApp] heartbeat::missed b'f3e83261-913697e9963ed81d65667e69' : 1
2018-05-14 19:05:57.254 [IPControllerApp] heartbeat::missed b'0083a9e0-d62755650d2f01d1c524acb3' : 1
2018-05-14 19:05:57.255 [IPControllerApp] heartbeat::missed b'833d00eb-aaf52af2e4490f84657785de' : 1
2018-05-14 19:06:00.255 [IPControllerApp] heartbeat::missed b'f3e83261-913697e9963ed81d65667e69' : 2
2018-05-14 19:06:00.255 [IPControllerApp] heartbeat::missed b'0083a9e0-d62755650d2f01d1c524acb3' : 2
2018-05-14 19:06:00.255 [IPControllerApp] heartbeat::missed b'833d00eb-aaf52af2e4490f84657785de' : 2
2018-05-14 19:06:03.255 [IPControllerApp] heartbeat::missed b'f3e83261-913697e9963ed81d65667e69' : 3
2018-05-14 19:06:03.255 [IPControllerApp] heartbeat::missed b'0083a9e0-d62755650d2f01d1c524acb3' : 3
2018-05-14 19:06:03.255 [IPControllerApp] heartbeat::missed b'833d00eb-aaf52af2e4490f84657785de' : 3
2018-05-14 19:06:06.255 [IPControllerApp] heartbeat::missed b'f3e83261-913697e9963ed81d65667e69' : 4
2018-05-14 19:06:06.255 [IPControllerApp] heartbeat::missed b'0083a9e0-d62755650d2f01d1c524acb3' : 4
2018-05-14 19:06:06.255 [IPControllerApp] heartbeat::missed b'833d00eb-aaf52af2e4490f84657785de' : 4
2018-05-14 19:06:09.253 [IPControllerApp] heartbeat::missed b'f3e83261-913697e9963ed81d65667e69' : 5
2018-05-14 19:06:09.253 [IPControllerApp] heartbeat::missed b'0083a9e0-d62755650d2f01d1c524acb3' : 5
2018-05-14 19:06:09.253 [IPControllerApp] heartbeat::missed b'833d00eb-aaf52af2e4490f84657785de' : 5
2018-05-14 19:06:12.255 [IPControllerApp] heartbeat::missed b'f3e83261-913697e9963ed81d65667e69' : 6
2018-05-14 19:06:12.255 [IPControllerApp] heartbeat::missed b'2f4c1d80-712aaf04102ebaabd27535c5' : 1
2018-05-14 19:06:12.255 [IPControllerApp] heartbeat::missed b'833d00eb-aaf52af2e4490f84657785de' : 6
2018-05-14 19:06:12.255 [IPControllerApp] heartbeat::missed b'0083a9e0-d62755650d2f01d1c524acb3' : 6
2018-05-14 19:06:12.255 [IPControllerApp] heartbeat::missed b'7c01dc00-f008a3e3fb5fa0541d52c72e' : 1
2018-05-14 19:06:15.254 [IPControllerApp] heartbeat::missed b'f3e83261-913697e9963ed81d65667e69' : 7
2018-05-14 19:06:15.254 [IPControllerApp] heartbeat::missed b'2f4c1d80-712aaf04102ebaabd27535c5' : 2
2018-05-14 19:06:15.255 [IPControllerApp] heartbeat::missed b'833d00eb-aaf52af2e4490f84657785de' : 7
2018-05-14 19:06:15.255 [IPControllerApp] heartbeat::missed b'0083a9e0-d62755650d2f01d1c524acb3' : 7
2018-05-14 19:06:15.255 [IPControllerApp] heartbeat::missed b'7c01dc00-f008a3e3fb5fa0541d52c72e' : 2
2018-05-14 19:06:18.255 [IPControllerApp] heartbeat::missed b'f3e83261-913697e9963ed81d65667e69' : 8
2018-05-14 19:06:18.255 [IPControllerApp] heartbeat::missed b'2f4c1d80-712aaf04102ebaabd27535c5' : 3
2018-05-14 19:06:18.255 [IPControllerApp] heartbeat::missed b'833d00eb-aaf52af2e4490f84657785de' : 8
2018-05-14 19:06:18.255 [IPControllerApp] heartbeat::missed b'0083a9e0-d62755650d2f01d1c524acb3' : 8
2018-05-14 19:06:18.255 [IPControllerApp] heartbeat::missed b'7c01dc00-f008a3e3fb5fa0541d52c72e' : 3
2018-05-14 19:06:21.255 [IPControllerApp] heartbeat::missed b'f3e83261-913697e9963ed81d65667e69' : 9
2018-05-14 19:06:21.255 [IPControllerApp] heartbeat::missed b'2f4c1d80-712aaf04102ebaabd27535c5' : 4
2018-05-14 19:06:21.255 [IPControllerApp] heartbeat::missed b'833d00eb-aaf52af2e4490f84657785de' : 9
2018-05-14 19:06:21.255 [IPControllerApp] heartbeat::missed b'0083a9e0-d62755650d2f01d1c524acb3' : 9
2018-05-14 19:06:21.255 [IPControllerApp] heartbeat::missed b'7c01dc00-f008a3e3fb5fa0541d52c72e' : 4
2018-05-14 19:06:24.254 [IPControllerApp] heartbeat::missed b'f3e83261-913697e9963ed81d65667e69' : 10
2018-05-14 19:06:24.255 [IPControllerApp] heartbeat::missed b'2f4c1d80-712aaf04102ebaabd27535c5' : 5
2018-05-14 19:06:24.255 [IPControllerApp] heartbeat::missed b'833d00eb-aaf52af2e4490f84657785de' : 10
2018-05-14 19:06:24.255 [IPControllerApp] heartbeat::missed b'0083a9e0-d62755650d2f01d1c524acb3' : 10
2018-05-14 19:06:24.255 [IPControllerApp] heartbeat::missed b'7c01dc00-f008a3e3fb5fa0541d52c72e' : 5
2018-05-14 19:06:27.254 [IPControllerApp] heartbeat::missed b'f3e83261-913697e9963ed81d65667e69' : 11
2018-05-14 19:06:27.254 [IPControllerApp] heartbeat::missed b'2f4c1d80-712aaf04102ebaabd27535c5' : 6
2018-05-14 19:06:27.255 [IPControllerApp] heartbeat::missed b'833d00eb-aaf52af2e4490f84657785de' : 11
2018-05-14 19:06:27.255 [IPControllerApp] heartbeat::missed b'0083a9e0-d62755650d2f01d1c524acb3' : 11
2018-05-14 19:06:27.255 [IPControllerApp] heartbeat::missed b'7c01dc00-f008a3e3fb5fa0541d52c72e' : 6
2018-05-14 19:06:27.255 [IPControllerApp] registration::unregister_engine(3)
2018-05-14 19:06:27.256 [IPControllerApp] registration::unregister_engine(1)
2018-05-14 19:06:27.263 [IPControllerApp] registration::unregister_engine(2)
2018-05-14 19:06:30.255 [IPControllerApp] heartbeat::missed b'7c01dc00-f008a3e3fb5fa0541d52c72e' : 7
2018-05-14 19:06:30.255 [IPControllerApp] heartbeat::missed b'2f4c1d80-712aaf04102ebaabd27535c5' : 7
2018-05-14 19:06:33.255 [IPControllerApp] heartbeat::missed b'7c01dc00-f008a3e3fb5fa0541d52c72e' : 8
2018-05-14 19:06:33.255 [IPControllerApp] heartbeat::missed b'2f4c1d80-712aaf04102ebaabd27535c5' : 8
2018-05-14 19:06:36.253 [IPControllerApp] heartbeat::missed b'7c01dc00-f008a3e3fb5fa0541d52c72e' : 9
2018-05-14 19:06:36.253 [IPControllerApp] heartbeat::missed b'2f4c1d80-712aaf04102ebaabd27535c5' : 9
2018-05-14 19:06:39.254 [IPControllerApp] heartbeat::missed b'7c01dc00-f008a3e3fb5fa0541d52c72e' : 10
2018-05-14 19:06:39.254 [IPControllerApp] heartbeat::missed b'2f4c1d80-712aaf04102ebaabd27535c5' : 10
2018-05-14 19:06:42.255 [IPControllerApp] heartbeat::missed b'7c01dc00-f008a3e3fb5fa0541d52c72e' : 11
2018-05-14 19:06:42.255 [IPControllerApp] heartbeat::missed b'2f4c1d80-712aaf04102ebaabd27535c5' : 11
2018-05-14 19:06:42.255 [IPControllerApp] registration::unregister_engine(4)
2018-05-14 19:06:42.256 [IPControllerApp] registration::unregister_engine(5)
2018-05-14 19:06:53.080 [IPControllerApp] CRITICAL | Received signal 15, shutting down
2018-05-14 19:06:53.081 [IPControllerApp] CRITICAL | terminating children...
